[0.023s] Invoking command in '/home/sokratis/robotic_arm_6dof_ws/build/my_robot_description': CMAKE_PREFIX_PATH=${CMAKE_PREFIX_PATH}:/home/sokratis/ros2_ws/install/mrpoas_core:/home/sokratis/arduinobot_ws/install/arduinobot_py_examples:/opt/ros/humble /usr/bin/cmake --build /home/sokratis/robotic_arm_6dof_ws/build/my_robot_description -- -j8 -l8
[0.094s] Invoked command in '/home/sokratis/robotic_arm_6dof_ws/build/my_robot_description' returned '0': CMAKE_PREFIX_PATH=${CMAKE_PREFIX_PATH}:/home/sokratis/ros2_ws/install/mrpoas_core:/home/sokratis/arduinobot_ws/install/arduinobot_py_examples:/opt/ros/humble /usr/bin/cmake --build /home/sokratis/robotic_arm_6dof_ws/build/my_robot_description -- -j8 -l8
[0.115s] Invoking command in '/home/sokratis/robotic_arm_6dof_ws/build/my_robot_description': CMAKE_PREFIX_PATH=${CMAKE_PREFIX_PATH}:/home/sokratis/ros2_ws/install/mrpoas_core:/home/sokratis/arduinobot_ws/install/arduinobot_py_examples:/opt/ros/humble /usr/bin/cmake --install /home/sokratis/robotic_arm_6dof_ws/build/my_robot_description
[0.129s] -- Install configuration: ""
[0.129s] -- Up-to-date: /home/sokratis/robotic_arm_6dof_ws/install/my_robot_description/share/my_robot_description/launch
[0.129s] -- Up-to-date: /home/sokratis/robotic_arm_6dof_ws/install/my_robot_description/share/my_robot_description/rviz
[0.130s] -- Up-to-date: /home/sokratis/robotic_arm_6dof_ws/install/my_robot_description/share/my_robot_description/urdf
[0.130s] -- Up-to-date: /home/sokratis/robotic_arm_6dof_ws/install/my_robot_description/share/ament_index/resource_index/package_run_dependencies/my_robot_description
[0.130s] -- Up-to-date: /home/sokratis/robotic_arm_6dof_ws/install/my_robot_description/share/ament_index/resource_index/parent_prefix_path/my_robot_description
[0.130s] -- Up-to-date: /home/sokratis/robotic_arm_6dof_ws/install/my_robot_description/share/my_robot_description/environment/ament_prefix_path.sh
[0.130s] -- Up-to-date: /home/sokratis/robotic_arm_6dof_ws/install/my_robot_description/share/my_robot_description/environment/ament_prefix_path.dsv
[0.131s] -- Up-to-date: /home/sokratis/robotic_arm_6dof_ws/install/my_robot_description/share/my_robot_description/environment/path.sh
[0.131s] -- Up-to-date: /home/sokratis/robotic_arm_6dof_ws/install/my_robot_description/share/my_robot_description/environment/path.dsv
[0.131s] -- Up-to-date: /home/sokratis/robotic_arm_6dof_ws/install/my_robot_description/share/my_robot_description/local_setup.bash
[0.131s] -- Up-to-date: /home/sokratis/robotic_arm_6dof_ws/install/my_robot_description/share/my_robot_description/local_setup.sh
[0.131s] -- Up-to-date: /home/sokratis/robotic_arm_6dof_ws/install/my_robot_description/share/my_robot_description/local_setup.zsh
[0.132s] -- Up-to-date: /home/sokratis/robotic_arm_6dof_ws/install/my_robot_description/share/my_robot_description/local_setup.dsv
[0.132s] -- Up-to-date: /home/sokratis/robotic_arm_6dof_ws/install/my_robot_description/share/my_robot_description/package.dsv
[0.132s] -- Up-to-date: /home/sokratis/robotic_arm_6dof_ws/install/my_robot_description/share/ament_index/resource_index/packages/my_robot_description
[0.132s] -- Up-to-date: /home/sokratis/robotic_arm_6dof_ws/install/my_robot_description/share/my_robot_description/cmake/my_robot_descriptionConfig.cmake
[0.132s] -- Up-to-date: /home/sokratis/robotic_arm_6dof_ws/install/my_robot_description/share/my_robot_description/cmake/my_robot_descriptionConfig-version.cmake
[0.133s] -- Up-to-date: /home/sokratis/robotic_arm_6dof_ws/install/my_robot_description/share/my_robot_description/package.xml
[0.135s] Invoked command in '/home/sokratis/robotic_arm_6dof_ws/build/my_robot_description' returned '0': CMAKE_PREFIX_PATH=${CMAKE_PREFIX_PATH}:/home/sokratis/ros2_ws/install/mrpoas_core:/home/sokratis/arduinobot_ws/install/arduinobot_py_examples:/opt/ros/humble /usr/bin/cmake --install /home/sokratis/robotic_arm_6dof_ws/build/my_robot_description
