[0.307s] DEBUG:colcon:Command line arguments: ['/usr/bin/colcon', 'build']
[0.308s] DEBUG:colcon:Parsed command line arguments: Namespace(log_base=None, log_level=None, verb_name='build', build_base='build', install_base='install', merge_install=False, symlink_install=False, test_result_base=None, continue_on_error=False, executor='parallel', parallel_workers=8, event_handlers=None, ignore_user_meta=False, metas=['./colcon.meta'], base_paths=['.'], packages_ignore=None, packages_ignore_regex=None, paths=None, packages_up_to=None, packages_up_to_regex=None, packages_above=None, packages_above_and_dependencies=None, packages_above_depth=None, packages_select_by_dep=None, packages_skip_by_dep=None, packages_skip_up_to=None, packages_select_build_failed=False, packages_skip_build_finished=False, packages_select_test_failures=False, packages_skip_test_passed=False, packages_select=None, packages_skip=None, packages_select_regex=None, packages_skip_regex=None, packages_start=None, packages_end=None, allow_overriding=[], cmake_args=None, cmake_target=None, cmake_target_skip_unavailable=False, cmake_clean_cache=False, cmake_clean_first=False, cmake_force_configure=False, ament_cmake_args=None, catkin_cmake_args=None, catkin_skip_building_tests=False, mixin_files=None, mixin=None, verb_parser=<colcon_mixin.mixin.mixin_argument.MixinArgumentDecorator object at 0x7c31bf0532b0>, verb_extension=<colcon_core.verb.build.BuildVerb object at 0x7c31bf00ccd0>, main=<bound method BuildVerb.main of <colcon_core.verb.build.BuildVerb object at 0x7c31bf00ccd0>>, mixin_verb=('build',))
[0.792s] Level 1:colcon.colcon_core.package_discovery:discover_packages(colcon_meta) check parameters
[0.792s] Level 1:colcon.colcon_core.package_discovery:discover_packages(recursive) check parameters
[0.793s] Level 1:colcon.colcon_core.package_discovery:discover_packages(ignore) check parameters
[0.793s] Level 1:colcon.colcon_core.package_discovery:discover_packages(path) check parameters
[0.793s] Level 1:colcon.colcon_core.package_discovery:discover_packages(colcon_meta) discover
[0.793s] Level 1:colcon.colcon_core.package_discovery:discover_packages(recursive) discover
[0.793s] INFO:colcon.colcon_core.package_discovery:Crawling recursively for packages in '/home/sokratis/robotic_arm_6dof_ws'
[0.793s] Level 1:colcon.colcon_core.package_identification:_identify(.) by extensions ['ignore', 'ignore_ament_install']
[0.793s] Level 1:colcon.colcon_core.package_identification:_identify(.) by extension 'ignore'
[0.793s] Level 1:colcon.colcon_core.package_identification:_identify(.) by extension 'ignore_ament_install'
[0.793s] Level 1:colcon.colcon_core.package_identification:_identify(.) by extensions ['colcon_pkg']
[0.793s] Level 1:colcon.colcon_core.package_identification:_identify(.) by extension 'colcon_pkg'
[0.794s] Level 1:colcon.colcon_core.package_identification:_identify(.) by extensions ['colcon_meta']
[0.794s] Level 1:colcon.colcon_core.package_identification:_identify(.) by extension 'colcon_meta'
[0.794s] Level 1:colcon.colcon_core.package_identification:_identify(.) by extensions ['ros']
[0.794s] Level 1:colcon.colcon_core.package_identification:_identify(.) by extension 'ros'
[0.818s] Level 1:colcon.colcon_core.package_identification:_identify(.) by extensions ['cmake', 'python']
[0.818s] Level 1:colcon.colcon_core.package_identification:_identify(.) by extension 'cmake'
[0.818s] Level 1:colcon.colcon_core.package_identification:_identify(.) by extension 'python'
[0.818s] Level 1:colcon.colcon_core.package_identification:_identify(.) by extensions ['python_setup_py']
[0.818s] Level 1:colcon.colcon_core.package_identification:_identify(.) by extension 'python_setup_py'
[0.819s] Level 1:colcon.colcon_core.package_identification:_identify(build) by extensions ['ignore', 'ignore_ament_install']
[0.819s] Level 1:colcon.colcon_core.package_identification:_identify(build) by extension 'ignore'
[0.819s] Level 1:colcon.colcon_core.package_identification:_identify(build) ignored
[0.819s] Level 1:colcon.colcon_core.package_identification:_identify(install) by extensions ['ignore', 'ignore_ament_install']
[0.819s] Level 1:colcon.colcon_core.package_identification:_identify(install) by extension 'ignore'
[0.819s] Level 1:colcon.colcon_core.package_identification:_identify(install) ignored
[0.820s] Level 1:colcon.colcon_core.package_identification:_identify(log) by extensions ['ignore', 'ignore_ament_install']
[0.820s] Level 1:colcon.colcon_core.package_identification:_identify(log) by extension 'ignore'
[0.820s] Level 1:colcon.colcon_core.package_identification:_identify(log) ignored
[0.820s] Level 1:colcon.colcon_core.package_identification:_identify(src) by extensions ['ignore', 'ignore_ament_install']
[0.820s] Level 1:colcon.colcon_core.package_identification:_identify(src) by extension 'ignore'
[0.820s] Level 1:colcon.colcon_core.package_identification:_identify(src) by extension 'ignore_ament_install'
[0.820s] Level 1:colcon.colcon_core.package_identification:_identify(src) by extensions ['colcon_pkg']
[0.820s] Level 1:colcon.colcon_core.package_identification:_identify(src) by extension 'colcon_pkg'
[0.820s] Level 1:colcon.colcon_core.package_identification:_identify(src) by extensions ['colcon_meta']
[0.820s] Level 1:colcon.colcon_core.package_identification:_identify(src) by extension 'colcon_meta'
[0.821s] Level 1:colcon.colcon_core.package_identification:_identify(src) by extensions ['ros']
[0.821s] Level 1:colcon.colcon_core.package_identification:_identify(src) by extension 'ros'
[0.821s] Level 1:colcon.colcon_core.package_identification:_identify(src) by extensions ['cmake', 'python']
[0.821s] Level 1:colcon.colcon_core.package_identification:_identify(src) by extension 'cmake'
[0.821s] Level 1:colcon.colcon_core.package_identification:_identify(src) by extension 'python'
[0.821s] Level 1:colcon.colcon_core.package_identification:_identify(src) by extensions ['python_setup_py']
[0.821s] Level 1:colcon.colcon_core.package_identification:_identify(src) by extension 'python_setup_py'
[0.821s] Level 1:colcon.colcon_core.package_identification:_identify(src/log) by extensions ['ignore', 'ignore_ament_install']
[0.821s] Level 1:colcon.colcon_core.package_identification:_identify(src/log) by extension 'ignore'
[0.821s] Level 1:colcon.colcon_core.package_identification:_identify(src/log) ignored
[0.822s] Level 1:colcon.colcon_core.package_identification:_identify(src/my_robot_description) by extensions ['ignore', 'ignore_ament_install']
[0.822s] Level 1:colcon.colcon_core.package_identification:_identify(src/my_robot_description) by extension 'ignore'
[0.822s] Level 1:colcon.colcon_core.package_identification:_identify(src/my_robot_description) by extension 'ignore_ament_install'
[0.822s] Level 1:colcon.colcon_core.package_identification:_identify(src/my_robot_description) by extensions ['colcon_pkg']
[0.822s] Level 1:colcon.colcon_core.package_identification:_identify(src/my_robot_description) by extension 'colcon_pkg'
[0.822s] Level 1:colcon.colcon_core.package_identification:_identify(src/my_robot_description) by extensions ['colcon_meta']
[0.822s] Level 1:colcon.colcon_core.package_identification:_identify(src/my_robot_description) by extension 'colcon_meta'
[0.822s] Level 1:colcon.colcon_core.package_identification:_identify(src/my_robot_description) by extensions ['ros']
[0.822s] Level 1:colcon.colcon_core.package_identification:_identify(src/my_robot_description) by extension 'ros'
[0.827s] DEBUG:colcon.colcon_core.package_identification:Package 'src/my_robot_description' with type 'ros.ament_cmake' and name 'my_robot_description'
[0.827s] Level 1:colcon.colcon_core.package_discovery:discover_packages(recursive) using defaults
[0.828s] Level 1:colcon.colcon_core.package_discovery:discover_packages(ignore) discover
[0.828s] Level 1:colcon.colcon_core.package_discovery:discover_packages(ignore) using defaults
[0.828s] Level 1:colcon.colcon_core.package_discovery:discover_packages(path) discover
[0.828s] Level 1:colcon.colcon_core.package_discovery:discover_packages(path) using defaults
[0.897s] Level 1:colcon.colcon_core.package_discovery:discover_packages(prefix_path) check parameters
[0.897s] Level 1:colcon.colcon_core.package_discovery:discover_packages(prefix_path) discover
[0.904s] DEBUG:colcon.colcon_installed_package_information.package_discovery:Found 0 installed packages in /home/sokratis/robotic_arm_6dof_ws/install
[0.905s] DEBUG:colcon.colcon_installed_package_information.package_discovery:Found 4 installed packages in /home/sokratis/arduinobot_ws/install
[0.906s] DEBUG:colcon.colcon_installed_package_information.package_discovery:Found 3 installed packages in /home/sokratis/ros2_ws/install
[0.910s] DEBUG:colcon.colcon_installed_package_information.package_discovery:Found 403 installed packages in /opt/ros/humble
[0.914s] Level 1:colcon.colcon_core.package_discovery:discover_packages(prefix_path) using defaults
[1.054s] Level 5:colcon.colcon_core.verb:set package 'my_robot_description' build argument 'cmake_args' from command line to 'None'
[1.054s] Level 5:colcon.colcon_core.verb:set package 'my_robot_description' build argument 'cmake_target' from command line to 'None'
[1.054s] Level 5:colcon.colcon_core.verb:set package 'my_robot_description' build argument 'cmake_target_skip_unavailable' from command line to 'False'
[1.054s] Level 5:colcon.colcon_core.verb:set package 'my_robot_description' build argument 'cmake_clean_cache' from command line to 'False'
[1.054s] Level 5:colcon.colcon_core.verb:set package 'my_robot_description' build argument 'cmake_clean_first' from command line to 'False'
[1.054s] Level 5:colcon.colcon_core.verb:set package 'my_robot_description' build argument 'cmake_force_configure' from command line to 'False'
[1.054s] Level 5:colcon.colcon_core.verb:set package 'my_robot_description' build argument 'ament_cmake_args' from command line to 'None'
[1.054s] Level 5:colcon.colcon_core.verb:set package 'my_robot_description' build argument 'catkin_cmake_args' from command line to 'None'
[1.054s] Level 5:colcon.colcon_core.verb:set package 'my_robot_description' build argument 'catkin_skip_building_tests' from command line to 'False'
[1.055s] DEBUG:colcon.colcon_core.verb:Building package 'my_robot_description' with the following arguments: {'ament_cmake_args': None, 'build_base': '/home/sokratis/robotic_arm_6dof_ws/build/my_robot_description', 'catkin_cmake_args': None, 'catkin_skip_building_tests': False, 'cmake_args': None, 'cmake_clean_cache': False, 'cmake_clean_first': False, 'cmake_force_configure': False, 'cmake_target': None, 'cmake_target_skip_unavailable': False, 'install_base': '/home/sokratis/robotic_arm_6dof_ws/install/my_robot_description', 'merge_install': False, 'path': '/home/sokratis/robotic_arm_6dof_ws/src/my_robot_description', 'symlink_install': False, 'test_result_base': None}
[1.055s] INFO:colcon.colcon_core.executor:Executing jobs using 'parallel' executor
[1.056s] DEBUG:colcon.colcon_parallel_executor.executor.parallel:run_until_complete
[1.057s] INFO:colcon.colcon_ros.task.ament_cmake.build:Building ROS package in '/home/sokratis/robotic_arm_6dof_ws/src/my_robot_description' with build type 'ament_cmake'
[1.057s] INFO:colcon.colcon_cmake.task.cmake.build:Building CMake package in '/home/sokratis/robotic_arm_6dof_ws/src/my_robot_description'
[1.063s] INFO:colcon.colcon_core.plugin_system:Skipping extension 'colcon_core.shell.bat': Not used on non-Windows systems
[1.063s] INFO:colcon.colcon_core.shell:Skip shell extension 'powershell' for command environment: Not usable outside of PowerShell
[1.063s] DEBUG:colcon.colcon_core.shell:Skip shell extension 'dsv' for command environment
[1.078s] DEBUG:colcon.colcon_core.event_handler.log_command:Invoking command in '/home/sokratis/robotic_arm_6dof_ws/build/my_robot_description': CMAKE_PREFIX_PATH=${CMAKE_PREFIX_PATH}:/home/sokratis/ros2_ws/install/mrpoas_core:/home/sokratis/arduinobot_ws/install/arduinobot_py_examples:/opt/ros/humble /usr/bin/cmake /home/sokratis/robotic_arm_6dof_ws/src/my_robot_description -DCMAKE_INSTALL_PREFIX=/home/sokratis/robotic_arm_6dof_ws/install/my_robot_description
[2.472s] DEBUG:colcon.colcon_core.event_handler.log_command:Invoked command in '/home/sokratis/robotic_arm_6dof_ws/build/my_robot_description' returned '0': CMAKE_PREFIX_PATH=${CMAKE_PREFIX_PATH}:/home/sokratis/ros2_ws/install/mrpoas_core:/home/sokratis/arduinobot_ws/install/arduinobot_py_examples:/opt/ros/humble /usr/bin/cmake /home/sokratis/robotic_arm_6dof_ws/src/my_robot_description -DCMAKE_INSTALL_PREFIX=/home/sokratis/robotic_arm_6dof_ws/install/my_robot_description
[2.476s] DEBUG:colcon.colcon_core.event_handler.log_command:Invoking command in '/home/sokratis/robotic_arm_6dof_ws/build/my_robot_description': CMAKE_PREFIX_PATH=${CMAKE_PREFIX_PATH}:/home/sokratis/ros2_ws/install/mrpoas_core:/home/sokratis/arduinobot_ws/install/arduinobot_py_examples:/opt/ros/humble /usr/bin/cmake --build /home/sokratis/robotic_arm_6dof_ws/build/my_robot_description -- -j8 -l8
[2.556s] DEBUG:colcon.colcon_core.event_handler.log_command:Invoked command in '/home/sokratis/robotic_arm_6dof_ws/build/my_robot_description' returned '0': CMAKE_PREFIX_PATH=${CMAKE_PREFIX_PATH}:/home/sokratis/ros2_ws/install/mrpoas_core:/home/sokratis/arduinobot_ws/install/arduinobot_py_examples:/opt/ros/humble /usr/bin/cmake --build /home/sokratis/robotic_arm_6dof_ws/build/my_robot_description -- -j8 -l8
[2.576s] DEBUG:colcon.colcon_core.event_handler.log_command:Invoking command in '/home/sokratis/robotic_arm_6dof_ws/build/my_robot_description': CMAKE_PREFIX_PATH=${CMAKE_PREFIX_PATH}:/home/sokratis/ros2_ws/install/mrpoas_core:/home/sokratis/arduinobot_ws/install/arduinobot_py_examples:/opt/ros/humble /usr/bin/cmake --install /home/sokratis/robotic_arm_6dof_ws/build/my_robot_description
[2.597s] Level 1:colcon.colcon_core.environment:create_environment_scripts_only(my_robot_description)
[2.598s] DEBUG:colcon.colcon_core.event_handler.log_command:Invoked command in '/home/sokratis/robotic_arm_6dof_ws/build/my_robot_description' returned '0': CMAKE_PREFIX_PATH=${CMAKE_PREFIX_PATH}:/home/sokratis/ros2_ws/install/mrpoas_core:/home/sokratis/arduinobot_ws/install/arduinobot_py_examples:/opt/ros/humble /usr/bin/cmake --install /home/sokratis/robotic_arm_6dof_ws/build/my_robot_description
[2.604s] Level 1:colcon.colcon_core.environment:checking '/home/sokratis/robotic_arm_6dof_ws/install/my_robot_description' for CMake module files
[2.605s] Level 1:colcon.colcon_core.environment:checking '/home/sokratis/robotic_arm_6dof_ws/install/my_robot_description' for CMake config files
[2.605s] Level 1:colcon.colcon_core.shell:create_environment_hook('my_robot_description', 'cmake_prefix_path')
[2.606s] INFO:colcon.colcon_core.shell:Creating environment hook '/home/sokratis/robotic_arm_6dof_ws/install/my_robot_description/share/my_robot_description/hook/cmake_prefix_path.ps1'
[2.608s] INFO:colcon.colcon_core.shell:Creating environment descriptor '/home/sokratis/robotic_arm_6dof_ws/install/my_robot_description/share/my_robot_description/hook/cmake_prefix_path.dsv'
[2.609s] INFO:colcon.colcon_core.shell:Creating environment hook '/home/sokratis/robotic_arm_6dof_ws/install/my_robot_description/share/my_robot_description/hook/cmake_prefix_path.sh'
[2.610s] Level 1:colcon.colcon_core.environment:checking '/home/sokratis/robotic_arm_6dof_ws/install/my_robot_description/bin'
[2.611s] Level 1:colcon.colcon_core.environment:checking '/home/sokratis/robotic_arm_6dof_ws/install/my_robot_description/lib/pkgconfig/my_robot_description.pc'
[2.611s] Level 1:colcon.colcon_core.environment:checking '/home/sokratis/robotic_arm_6dof_ws/install/my_robot_description/lib/python3.10/site-packages'
[2.611s] Level 1:colcon.colcon_core.environment:checking '/home/sokratis/robotic_arm_6dof_ws/install/my_robot_description/bin'
[2.612s] INFO:colcon.colcon_core.shell:Creating package script '/home/sokratis/robotic_arm_6dof_ws/install/my_robot_description/share/my_robot_description/package.ps1'
[2.613s] INFO:colcon.colcon_core.shell:Creating package descriptor '/home/sokratis/robotic_arm_6dof_ws/install/my_robot_description/share/my_robot_description/package.dsv'
[2.614s] INFO:colcon.colcon_core.shell:Creating package script '/home/sokratis/robotic_arm_6dof_ws/install/my_robot_description/share/my_robot_description/package.sh'
[2.616s] INFO:colcon.colcon_core.shell:Creating package script '/home/sokratis/robotic_arm_6dof_ws/install/my_robot_description/share/my_robot_description/package.bash'
[2.618s] INFO:colcon.colcon_core.shell:Creating package script '/home/sokratis/robotic_arm_6dof_ws/install/my_robot_description/share/my_robot_description/package.zsh'
[2.620s] Level 1:colcon.colcon_core.environment:create_file_with_runtime_dependencies(/home/sokratis/robotic_arm_6dof_ws/install/my_robot_description/share/colcon-core/packages/my_robot_description)
[2.621s] Level 1:colcon.colcon_core.environment:create_environment_scripts_only(my_robot_description)
[2.621s] Level 1:colcon.colcon_core.environment:checking '/home/sokratis/robotic_arm_6dof_ws/install/my_robot_description' for CMake module files
[2.622s] Level 1:colcon.colcon_core.environment:checking '/home/sokratis/robotic_arm_6dof_ws/install/my_robot_description' for CMake config files
[2.622s] Level 1:colcon.colcon_core.shell:create_environment_hook('my_robot_description', 'cmake_prefix_path')
[2.623s] INFO:colcon.colcon_core.shell:Creating environment hook '/home/sokratis/robotic_arm_6dof_ws/install/my_robot_description/share/my_robot_description/hook/cmake_prefix_path.ps1'
[2.623s] INFO:colcon.colcon_core.shell:Creating environment descriptor '/home/sokratis/robotic_arm_6dof_ws/install/my_robot_description/share/my_robot_description/hook/cmake_prefix_path.dsv'
[2.624s] INFO:colcon.colcon_core.shell:Creating environment hook '/home/sokratis/robotic_arm_6dof_ws/install/my_robot_description/share/my_robot_description/hook/cmake_prefix_path.sh'
[2.625s] Level 1:colcon.colcon_core.environment:checking '/home/sokratis/robotic_arm_6dof_ws/install/my_robot_description/bin'
[2.625s] Level 1:colcon.colcon_core.environment:checking '/home/sokratis/robotic_arm_6dof_ws/install/my_robot_description/lib/pkgconfig/my_robot_description.pc'
[2.626s] Level 1:colcon.colcon_core.environment:checking '/home/sokratis/robotic_arm_6dof_ws/install/my_robot_description/lib/python3.10/site-packages'
[2.626s] Level 1:colcon.colcon_core.environment:checking '/home/sokratis/robotic_arm_6dof_ws/install/my_robot_description/bin'
[2.626s] INFO:colcon.colcon_core.shell:Creating package script '/home/sokratis/robotic_arm_6dof_ws/install/my_robot_description/share/my_robot_description/package.ps1'
[2.627s] INFO:colcon.colcon_core.shell:Creating package descriptor '/home/sokratis/robotic_arm_6dof_ws/install/my_robot_description/share/my_robot_description/package.dsv'
[2.628s] INFO:colcon.colcon_core.shell:Creating package script '/home/sokratis/robotic_arm_6dof_ws/install/my_robot_description/share/my_robot_description/package.sh'
[2.629s] INFO:colcon.colcon_core.shell:Creating package script '/home/sokratis/robotic_arm_6dof_ws/install/my_robot_description/share/my_robot_description/package.bash'
[2.630s] INFO:colcon.colcon_core.shell:Creating package script '/home/sokratis/robotic_arm_6dof_ws/install/my_robot_description/share/my_robot_description/package.zsh'
[2.630s] Level 1:colcon.colcon_core.environment:create_file_with_runtime_dependencies(/home/sokratis/robotic_arm_6dof_ws/install/my_robot_description/share/colcon-core/packages/my_robot_description)
[2.631s] DEBUG:colcon.colcon_parallel_executor.executor.parallel:closing loop
[2.631s] DEBUG:colcon.colcon_parallel_executor.executor.parallel:loop closed
[2.631s] DEBUG:colcon.colcon_parallel_executor.executor.parallel:run_until_complete finished with '0'
[2.631s] DEBUG:colcon.colcon_core.event_reactor:joining thread
[2.641s] INFO:colcon.colcon_core.plugin_system:Skipping extension 'colcon_notification.desktop_notification.terminal_notifier': Not used on non-Darwin systems
[2.641s] INFO:colcon.colcon_core.plugin_system:Skipping extension 'colcon_notification.desktop_notification.win32': Not used on non-Windows systems
[2.642s] INFO:colcon.colcon_notification.desktop_notification:Sending desktop notification using 'notify2'
[2.663s] DEBUG:colcon.colcon_core.event_reactor:joined thread
[2.664s] INFO:colcon.colcon_core.shell:Creating prefix script '/home/sokratis/robotic_arm_6dof_ws/install/local_setup.ps1'
[2.667s] INFO:colcon.colcon_core.shell:Creating prefix util module '/home/sokratis/robotic_arm_6dof_ws/install/_local_setup_util_ps1.py'
[2.672s] INFO:colcon.colcon_core.shell:Creating prefix chain script '/home/sokratis/robotic_arm_6dof_ws/install/setup.ps1'
[2.676s] INFO:colcon.colcon_core.shell:Creating prefix script '/home/sokratis/robotic_arm_6dof_ws/install/local_setup.sh'
[2.677s] INFO:colcon.colcon_core.shell:Creating prefix util module '/home/sokratis/robotic_arm_6dof_ws/install/_local_setup_util_sh.py'
[2.678s] INFO:colcon.colcon_core.shell:Creating prefix chain script '/home/sokratis/robotic_arm_6dof_ws/install/setup.sh'
[2.681s] INFO:colcon.colcon_core.shell:Creating prefix script '/home/sokratis/robotic_arm_6dof_ws/install/local_setup.bash'
[2.682s] INFO:colcon.colcon_core.shell:Creating prefix chain script '/home/sokratis/robotic_arm_6dof_ws/install/setup.bash'
[2.684s] INFO:colcon.colcon_core.shell:Creating prefix script '/home/sokratis/robotic_arm_6dof_ws/install/local_setup.zsh'
[2.685s] INFO:colcon.colcon_core.shell:Creating prefix chain script '/home/sokratis/robotic_arm_6dof_ws/install/setup.zsh'
