[0.021s] Invoking command in '/home/sokratis/robotic_arm_6dof_ws/build/my_robot_description': CMAKE_PREFIX_PATH=${CMAKE_PREFIX_PATH}:/home/sokratis/ros2_ws/install/mrpoas_core:/home/sokratis/arduinobot_ws/install/arduinobot_py_examples:/opt/ros/humble /usr/bin/cmake /home/sokratis/robotic_arm_6dof_ws/src/my_robot_description -DCMAKE_INSTALL_PREFIX=/home/sokratis/robotic_arm_6dof_ws/install/my_robot_description
[0.201s] -- The C compiler identification is GNU 11.4.0
[0.354s] -- The CXX compiler identification is GNU 11.4.0
[0.372s] -- Detecting C compiler ABI info
[0.507s] -- Detecting C compiler ABI info - done
[0.522s] -- Check for working C compiler: /usr/bin/cc - skipped
[0.522s] -- Detecting C compile features
[0.524s] -- Detecting C compile features - done
[0.530s] -- Detecting CXX compiler ABI info
[0.686s] -- Detecting CXX compiler ABI info - done
[0.701s] -- Check for working CXX compiler: /usr/bin/c++ - skipped
[0.701s] -- Detecting CXX compile features
[0.702s] -- Detecting CXX compile features - done
[0.721s] -- Found ament_cmake: 1.3.12 (/opt/ros/humble/share/ament_cmake/cmake)
[1.041s] -- Found Python3: /usr/bin/python3 (found version "3.10.12") found components: Interpreter 
[1.399s] -- Configuring done
[1.403s] -- Generating done
[1.407s] -- Build files have been written to: /home/sokratis/robotic_arm_6dof_ws/build/my_robot_description
[1.414s] Invoked command in '/home/sokratis/robotic_arm_6dof_ws/build/my_robot_description' returned '0': CMAKE_PREFIX_PATH=${CMAKE_PREFIX_PATH}:/home/sokratis/ros2_ws/install/mrpoas_core:/home/sokratis/arduinobot_ws/install/arduinobot_py_examples:/opt/ros/humble /usr/bin/cmake /home/sokratis/robotic_arm_6dof_ws/src/my_robot_description -DCMAKE_INSTALL_PREFIX=/home/sokratis/robotic_arm_6dof_ws/install/my_robot_description
[1.418s] Invoking command in '/home/sokratis/robotic_arm_6dof_ws/build/my_robot_description': CMAKE_PREFIX_PATH=${CMAKE_PREFIX_PATH}:/home/sokratis/ros2_ws/install/mrpoas_core:/home/sokratis/arduinobot_ws/install/arduinobot_py_examples:/opt/ros/humble /usr/bin/cmake --build /home/sokratis/robotic_arm_6dof_ws/build/my_robot_description -- -j8 -l8
[1.498s] Invoked command in '/home/sokratis/robotic_arm_6dof_ws/build/my_robot_description' returned '0': CMAKE_PREFIX_PATH=${CMAKE_PREFIX_PATH}:/home/sokratis/ros2_ws/install/mrpoas_core:/home/sokratis/arduinobot_ws/install/arduinobot_py_examples:/opt/ros/humble /usr/bin/cmake --build /home/sokratis/robotic_arm_6dof_ws/build/my_robot_description -- -j8 -l8
[1.518s] Invoking command in '/home/sokratis/robotic_arm_6dof_ws/build/my_robot_description': CMAKE_PREFIX_PATH=${CMAKE_PREFIX_PATH}:/home/sokratis/ros2_ws/install/mrpoas_core:/home/sokratis/arduinobot_ws/install/arduinobot_py_examples:/opt/ros/humble /usr/bin/cmake --install /home/sokratis/robotic_arm_6dof_ws/build/my_robot_description
[1.533s] -- Install configuration: ""
[1.533s] -- Installing: /home/sokratis/robotic_arm_6dof_ws/install/my_robot_description/share/my_robot_description/launch
[1.533s] -- Installing: /home/sokratis/robotic_arm_6dof_ws/install/my_robot_description/share/my_robot_description/rviz
[1.534s] -- Installing: /home/sokratis/robotic_arm_6dof_ws/install/my_robot_description/share/my_robot_description/urdf
[1.534s] -- Installing: /home/sokratis/robotic_arm_6dof_ws/install/my_robot_description/share/ament_index/resource_index/package_run_dependencies/my_robot_description
[1.534s] -- Installing: /home/sokratis/robotic_arm_6dof_ws/install/my_robot_description/share/ament_index/resource_index/parent_prefix_path/my_robot_description
[1.534s] -- Installing: /home/sokratis/robotic_arm_6dof_ws/install/my_robot_description/share/my_robot_description/environment/ament_prefix_path.sh
[1.534s] -- Installing: /home/sokratis/robotic_arm_6dof_ws/install/my_robot_description/share/my_robot_description/environment/ament_prefix_path.dsv
[1.535s] -- Installing: /home/sokratis/robotic_arm_6dof_ws/install/my_robot_description/share/my_robot_description/environment/path.sh
[1.535s] -- Installing: /home/sokratis/robotic_arm_6dof_ws/install/my_robot_description/share/my_robot_description/environment/path.dsv
[1.535s] -- Installing: /home/sokratis/robotic_arm_6dof_ws/install/my_robot_description/share/my_robot_description/local_setup.bash
[1.535s] -- Installing: /home/sokratis/robotic_arm_6dof_ws/install/my_robot_description/share/my_robot_description/local_setup.sh
[1.536s] -- Installing: /home/sokratis/robotic_arm_6dof_ws/install/my_robot_description/share/my_robot_description/local_setup.zsh
[1.536s] -- Installing: /home/sokratis/robotic_arm_6dof_ws/install/my_robot_description/share/my_robot_description/local_setup.dsv
[1.536s] -- Installing: /home/sokratis/robotic_arm_6dof_ws/install/my_robot_description/share/my_robot_description/package.dsv
[1.536s] -- Installing: /home/sokratis/robotic_arm_6dof_ws/install/my_robot_description/share/ament_index/resource_index/packages/my_robot_description
[1.536s] -- Installing: /home/sokratis/robotic_arm_6dof_ws/install/my_robot_description/share/my_robot_description/cmake/my_robot_descriptionConfig.cmake
[1.537s] -- Installing: /home/sokratis/robotic_arm_6dof_ws/install/my_robot_description/share/my_robot_description/cmake/my_robot_descriptionConfig-version.cmake
[1.537s] -- Installing: /home/sokratis/robotic_arm_6dof_ws/install/my_robot_description/share/my_robot_description/package.xml
[1.540s] Invoked command in '/home/sokratis/robotic_arm_6dof_ws/build/my_robot_description' returned '0': CMAKE_PREFIX_PATH=${CMAKE_PREFIX_PATH}:/home/sokratis/ros2_ws/install/mrpoas_core:/home/sokratis/arduinobot_ws/install/arduinobot_py_examples:/opt/ros/humble /usr/bin/cmake --install /home/sokratis/robotic_arm_6dof_ws/build/my_robot_description
